<?xml version="1.0" encoding="UTF-8" ?>
<testsuite tests="12" failures="12" name="runners.RunnerTest" time="2.925" errors="0" skipped="0">
  <properties>
[...]
</properties>
  <testcase classname="A user creation is required through the Api Rest #1" name="Successful case to create a user" time="2.283">
    <failure message="expected:&lt;400&gt; but was:&lt;403&gt;" type="java.lang.AssertionError">java.lang.AssertionError: expected:&lt;400&gt; but was:&lt;403&gt;
	at org.junit.Assert.fail(Assert.java:89)
	at org.junit.Assert.failNotEquals(Assert.java:835)
	at org.junit.Assert.assertEquals(Assert.java:647)
	at org.junit.Assert.assertEquals(Assert.java:633)
	at stepDefinitions.Steps.successful_registration_is_displayed(Steps.java:53)
	at ✽.successful registration is displayed(file:///Users/sarabustamante/Downloads/AppGateTest/src/test/resources/feature/create_client.feature:9)
</failure>
    <system-out>
@CreateClient @SuccessfulCase
Scenario: Successful case to create a user           &amp;#27;[90m# src/test/resources/feature/create_client.feature:6&amp;#27;[0m
  &amp;#27;[32mGiven &amp;#27;[0m&amp;#27;[32mgiven that it is required to create a client&amp;#27;[0m &amp;#27;[90m# stepDefinitions.Steps.que_se_requiere_crear_un_cliente()&amp;#27;[0m
  &amp;#27;[32mWhen &amp;#27;[0m&amp;#27;[32mthe name &amp;#27;[0m&amp;#27;[32m&amp;#27;[1mSara&amp;#27;[0m&amp;#27;[32m with &amp;#27;[0m&amp;#27;[32m&amp;#27;[1mautomation&amp;#27;[0m&amp;#27;[32m role is sent&amp;#27;[0m    &amp;#27;[90m# stepDefinitions.Steps.se_envien_el_nombre_Sara(java.lang.String,java.lang.String)&amp;#27;[0m
  &amp;#27;[31mThen &amp;#27;[0m&amp;#27;[31msuccessful registration is displayed&amp;#27;[0m          &amp;#27;[90m# stepDefinitions.Steps.successful_registration_is_displayed()&amp;#27;[0m
      &amp;#27;[31mjava.lang.AssertionError: expected:&lt;400&gt; but was:&lt;403&gt;
	at org.junit.Assert.fail(Assert.java:89)
	at org.junit.Assert.failNotEquals(Assert.java:835)
	at org.junit.Assert.assertEquals(Assert.java:647)
	at org.junit.Assert.assertEquals(Assert.java:633)
	at stepDefinitions.Steps.successful_registration_is_displayed(Steps.java:53)
	at ���.successful registration is displayed(file:///Users/sarabustamante/Downloads/AppGateTest/src/test/resources/feature/create_client.feature:9)
&amp;#27;[0m
</system-out>
  </testcase>
  <testcase classname="A user creation is required through the Api Rest #1" name="Create a user without completed role information" time="0.019">
    <failure message="expected:&lt;400&gt; but was:&lt;403&gt;" type="java.lang.AssertionError">java.lang.AssertionError: expected:&lt;400&gt; but was:&lt;403&gt;
	at org.junit.Assert.fail(Assert.java:89)
	at org.junit.Assert.failNotEquals(Assert.java:835)
	at org.junit.Assert.assertEquals(Assert.java:647)
	at org.junit.Assert.assertEquals(Assert.java:633)
	at stepDefinitions.Steps.successful_registration_is_displayed(Steps.java:53)
	at ✽.successful registration is displayed(file:///Users/sarabustamante/Downloads/AppGateTest/src/test/resources/feature/create_client.feature:15)
</failure>
    <system-out>
@CreateClient @SuccessfulCase
Scenario: Create a user without completed role information &amp;#27;[90m# src/test/resources/feature/create_client.feature:12&amp;#27;[0m
  &amp;#27;[32mGiven &amp;#27;[0m&amp;#27;[32mgiven that it is required to create a client&amp;#27;[0m       &amp;#27;[90m# stepDefinitions.Steps.que_se_requiere_crear_un_cliente()&amp;#27;[0m
  &amp;#27;[32mWhen &amp;#27;[0m&amp;#27;[32mthe name &amp;#27;[0m&amp;#27;[32m&amp;#27;[1mSara&amp;#27;[0m&amp;#27;[32m with &amp;#27;[0m&amp;#27;[32m&amp;#27;[1mautomation&amp;#27;[0m&amp;#27;[32m role is sent&amp;#27;[0m          &amp;#27;[90m# stepDefinitions.Steps.se_envien_el_nombre_Sara(java.lang.String,java.lang.String)&amp;#27;[0m
  &amp;#27;[31mThen &amp;#27;[0m&amp;#27;[31msuccessful registration is displayed&amp;#27;[0m                &amp;#27;[90m# stepDefinitions.Steps.successful_registration_is_displayed()&amp;#27;[0m
      &amp;#27;[31mjava.lang.AssertionError: expected:&lt;400&gt; but was:&lt;403&gt;
	at org.junit.Assert.fail(Assert.java:89)
	at org.junit.Assert.failNotEquals(Assert.java:835)
	at org.junit.Assert.assertEquals(Assert.java:647)
	at org.junit.Assert.assertEquals(Assert.java:633)
	at stepDefinitions.Steps.successful_registration_is_displayed(Steps.java:53)
	at ���.successful registration is displayed(file:///Users/sarabustamante/Downloads/AppGateTest/src/test/resources/feature/create_client.feature:15)
&amp;#27;[0m
</system-out>
  </testcase>
  <testcase classname="A user creation is required through the Api Rest #1" name="Create a user without full name information" time="0.09">
    <failure message="expected:&lt;400&gt; but was:&lt;403&gt;" type="java.lang.AssertionError">java.lang.AssertionError: expected:&lt;400&gt; but was:&lt;403&gt;
	at org.junit.Assert.fail(Assert.java:89)
	at org.junit.Assert.failNotEquals(Assert.java:835)
	at org.junit.Assert.assertEquals(Assert.java:647)
	at org.junit.Assert.assertEquals(Assert.java:633)
	at stepDefinitions.Steps.successful_registration_is_displayed(Steps.java:53)
	at ✽.successful registration is displayed(file:///Users/sarabustamante/Downloads/AppGateTest/src/test/resources/feature/create_client.feature:21)
</failure>
    <system-out>
@CreateClient @SuccessfulCase
Scenario: Create a user without full name information &amp;#27;[90m# src/test/resources/feature/create_client.feature:18&amp;#27;[0m
  &amp;#27;[32mGiven &amp;#27;[0m&amp;#27;[32mgiven that it is required to create a client&amp;#27;[0m  &amp;#27;[90m# stepDefinitions.Steps.que_se_requiere_crear_un_cliente()&amp;#27;[0m
  &amp;#27;[32mWhen &amp;#27;[0m&amp;#27;[32mthe name &amp;#27;[0m&amp;#27;[32m&amp;#27;[1mSara&amp;#27;[0m&amp;#27;[32m with &amp;#27;[0m&amp;#27;[32m&amp;#27;[1mautomation&amp;#27;[0m&amp;#27;[32m role is sent&amp;#27;[0m     &amp;#27;[90m# stepDefinitions.Steps.se_envien_el_nombre_Sara(java.lang.String,java.lang.String)&amp;#27;[0m
  &amp;#27;[31mThen &amp;#27;[0m&amp;#27;[31msuccessful registration is displayed&amp;#27;[0m           &amp;#27;[90m# stepDefinitions.Steps.successful_registration_is_displayed()&amp;#27;[0m
      &amp;#27;[31mjava.lang.AssertionError: expected:&lt;400&gt; but was:&lt;403&gt;
	at org.junit.Assert.fail(Assert.java:89)
	at org.junit.Assert.failNotEquals(Assert.java:835)
	at org.junit.Assert.assertEquals(Assert.java:647)
	at org.junit.Assert.assertEquals(Assert.java:633)
	at stepDefinitions.Steps.successful_registration_is_displayed(Steps.java:53)
	at ���.successful registration is displayed(file:///Users/sarabustamante/Downloads/AppGateTest/src/test/resources/feature/create_client.feature:21)
&amp;#27;[0m
</system-out>
  </testcase>
  <testcase classname="A user creation is required through the Api Rest #1" name="Create user without information" time="0.065">
    <failure message="expected:&lt;400&gt; but was:&lt;403&gt;" type="java.lang.AssertionError">java.lang.AssertionError: expected:&lt;400&gt; but was:&lt;403&gt;
	at org.junit.Assert.fail(Assert.java:89)
	at org.junit.Assert.failNotEquals(Assert.java:835)
	at org.junit.Assert.assertEquals(Assert.java:647)
	at org.junit.Assert.assertEquals(Assert.java:633)
	at stepDefinitions.Steps.successful_registration_is_displayed(Steps.java:53)
	at ✽.successful registration is displayed(file:///Users/sarabustamante/Downloads/AppGateTest/src/test/resources/feature/create_client.feature:27)
</failure>
    <system-out>
@CreateClient @SuccessfulCase
Scenario: Create user without information            &amp;#27;[90m# src/test/resources/feature/create_client.feature:24&amp;#27;[0m
  &amp;#27;[32mGiven &amp;#27;[0m&amp;#27;[32mgiven that it is required to create a client&amp;#27;[0m &amp;#27;[90m# stepDefinitions.Steps.que_se_requiere_crear_un_cliente()&amp;#27;[0m
  &amp;#27;[32mWhen &amp;#27;[0m&amp;#27;[32mthe name &amp;#27;[0m&amp;#27;[32m&amp;#27;[1mSara&amp;#27;[0m&amp;#27;[32m with &amp;#27;[0m&amp;#27;[32m&amp;#27;[1mautomation&amp;#27;[0m&amp;#27;[32m role is sent&amp;#27;[0m    &amp;#27;[90m# stepDefinitions.Steps.se_envien_el_nombre_Sara(java.lang.String,java.lang.String)&amp;#27;[0m
  &amp;#27;[31mThen &amp;#27;[0m&amp;#27;[31msuccessful registration is displayed&amp;#27;[0m          &amp;#27;[90m# stepDefinitions.Steps.successful_registration_is_displayed()&amp;#27;[0m
      &amp;#27;[31mjava.lang.AssertionError: expected:&lt;400&gt; but was:&lt;403&gt;
	at org.junit.Assert.fail(Assert.java:89)
	at org.junit.Assert.failNotEquals(Assert.java:835)
	at org.junit.Assert.assertEquals(Assert.java:647)
	at org.junit.Assert.assertEquals(Assert.java:633)
	at stepDefinitions.Steps.successful_registration_is_displayed(Steps.java:53)
	at ���.successful registration is displayed(file:///Users/sarabustamante/Downloads/AppGateTest/src/test/resources/feature/create_client.feature:27)
&amp;#27;[0m
</system-out>
  </testcase>
  <testcase classname="A user creation is required through the Api Rest #1" name="Create user with special characters as parameters" time="0.037">
    <failure message="expected:&lt;400&gt; but was:&lt;403&gt;" type="java.lang.AssertionError">java.lang.AssertionError: expected:&lt;400&gt; but was:&lt;403&gt;
	at org.junit.Assert.fail(Assert.java:89)
	at org.junit.Assert.failNotEquals(Assert.java:835)
	at org.junit.Assert.assertEquals(Assert.java:647)
	at org.junit.Assert.assertEquals(Assert.java:633)
	at stepDefinitions.Steps.successful_registration_is_displayed(Steps.java:53)
	at ✽.successful registration is displayed(file:///Users/sarabustamante/Downloads/AppGateTest/src/test/resources/feature/create_client.feature:33)
</failure>
    <system-out>
@CreateClient @SuccessfulCase
Scenario: Create user with special characters as parameters &amp;#27;[90m# src/test/resources/feature/create_client.feature:30&amp;#27;[0m
  &amp;#27;[32mGiven &amp;#27;[0m&amp;#27;[32mgiven that it is required to create a client&amp;#27;[0m        &amp;#27;[90m# stepDefinitions.Steps.que_se_requiere_crear_un_cliente()&amp;#27;[0m
  &amp;#27;[32mWhen &amp;#27;[0m&amp;#27;[32mthe name &amp;#27;[0m&amp;#27;[32m&amp;#27;[1mSara&amp;#27;[0m&amp;#27;[32m with &amp;#27;[0m&amp;#27;[32m&amp;#27;[1mautomation&amp;#27;[0m&amp;#27;[32m role is sent&amp;#27;[0m           &amp;#27;[90m# stepDefinitions.Steps.se_envien_el_nombre_Sara(java.lang.String,java.lang.String)&amp;#27;[0m
  &amp;#27;[31mThen &amp;#27;[0m&amp;#27;[31msuccessful registration is displayed&amp;#27;[0m                 &amp;#27;[90m# stepDefinitions.Steps.successful_registration_is_displayed()&amp;#27;[0m
      &amp;#27;[31mjava.lang.AssertionError: expected:&lt;400&gt; but was:&lt;403&gt;
	at org.junit.Assert.fail(Assert.java:89)
	at org.junit.Assert.failNotEquals(Assert.java:835)
	at org.junit.Assert.assertEquals(Assert.java:647)
	at org.junit.Assert.assertEquals(Assert.java:633)
	at stepDefinitions.Steps.successful_registration_is_displayed(Steps.java:53)
	at ���.successful registration is displayed(file:///Users/sarabustamante/Downloads/AppGateTest/src/test/resources/feature/create_client.feature:33)
&amp;#27;[0m
</system-out>
  </testcase>
  <testcase classname="Removal of a user via Api Rest is required" name="Successful case to delete a user" time="0.084">
    <failure message="expected:&lt;204&gt; but was:&lt;403&gt;" type="java.lang.AssertionError">java.lang.AssertionError: expected:&lt;204&gt; but was:&lt;403&gt;
	at org.junit.Assert.fail(Assert.java:89)
	at org.junit.Assert.failNotEquals(Assert.java:835)
	at org.junit.Assert.assertEquals(Assert.java:647)
	at org.junit.Assert.assertEquals(Assert.java:633)
	at stepDefinitions.Steps.the_successful_deletion_is_displayed(Steps.java:71)
	at ✽.the successful deletion is displayed(file:///Users/sarabustamante/Downloads/AppGateTest/src/test/resources/feature/delete_client.feature:9)
</failure>
    <system-out>
@DeleteClient @SuccessfulCase
Scenario: Successful case to delete a user           &amp;#27;[90m# src/test/resources/feature/delete_client.feature:6&amp;#27;[0m
  &amp;#27;[32mGiven &amp;#27;[0m&amp;#27;[32mgiven that it is required to delete a client&amp;#27;[0m &amp;#27;[90m# stepDefinitions.Steps.given_that_it_is_required_to_delete_a_client()&amp;#27;[0m
  &amp;#27;[32mWhen &amp;#27;[0m&amp;#27;[32mthe delete is executed&amp;#27;[0m                        &amp;#27;[90m# stepDefinitions.Steps.the_delete_is_executed()&amp;#27;[0m
  &amp;#27;[31mThen &amp;#27;[0m&amp;#27;[31mthe successful deletion is displayed&amp;#27;[0m          &amp;#27;[90m# stepDefinitions.Steps.the_successful_deletion_is_displayed()&amp;#27;[0m
      &amp;#27;[31mjava.lang.AssertionError: expected:&lt;204&gt; but was:&lt;403&gt;
	at org.junit.Assert.fail(Assert.java:89)
	at org.junit.Assert.failNotEquals(Assert.java:835)
	at org.junit.Assert.assertEquals(Assert.java:647)
	at org.junit.Assert.assertEquals(Assert.java:633)
	at stepDefinitions.Steps.the_successful_deletion_is_displayed(Steps.java:71)
	at ���.the successful deletion is displayed(file:///Users/sarabustamante/Downloads/AppGateTest/src/test/resources/feature/delete_client.feature:9)
&amp;#27;[0m
</system-out>
  </testcase>
  <testcase classname="Removal of a user via Api Rest is required" name="Delete non-existent user" time="0.049">
    <failure message="expected:&lt;204&gt; but was:&lt;403&gt;" type="java.lang.AssertionError">java.lang.AssertionError: expected:&lt;204&gt; but was:&lt;403&gt;
	at org.junit.Assert.fail(Assert.java:89)
	at org.junit.Assert.failNotEquals(Assert.java:835)
	at org.junit.Assert.assertEquals(Assert.java:647)
	at org.junit.Assert.assertEquals(Assert.java:633)
	at stepDefinitions.Steps.the_successful_deletion_is_displayed(Steps.java:71)
	at ✽.the successful deletion is displayed(file:///Users/sarabustamante/Downloads/AppGateTest/src/test/resources/feature/delete_client.feature:16)
</failure>
    <system-out>
@DeleteClient @SuccessfulCase
Scenario: Delete non-existent user                   &amp;#27;[90m# src/test/resources/feature/delete_client.feature:12&amp;#27;[0m
  &amp;#27;[32mGiven &amp;#27;[0m&amp;#27;[32mgiven that it is required to delete a client&amp;#27;[0m &amp;#27;[90m# stepDefinitions.Steps.given_that_it_is_required_to_delete_a_client()&amp;#27;[0m
  &amp;#27;[32mWhen &amp;#27;[0m&amp;#27;[32mthe delete is executed&amp;#27;[0m                        &amp;#27;[90m# stepDefinitions.Steps.the_delete_is_executed()&amp;#27;[0m
  &amp;#27;[31mThen &amp;#27;[0m&amp;#27;[31mthe successful deletion is displayed&amp;#27;[0m          &amp;#27;[90m# stepDefinitions.Steps.the_successful_deletion_is_displayed()&amp;#27;[0m
      &amp;#27;[31mjava.lang.AssertionError: expected:&lt;204&gt; but was:&lt;403&gt;
	at org.junit.Assert.fail(Assert.java:89)
	at org.junit.Assert.failNotEquals(Assert.java:835)
	at org.junit.Assert.assertEquals(Assert.java:647)
	at org.junit.Assert.assertEquals(Assert.java:633)
	at stepDefinitions.Steps.the_successful_deletion_is_displayed(Steps.java:71)
	at ���.the successful deletion is displayed(file:///Users/sarabustamante/Downloads/AppGateTest/src/test/resources/feature/delete_client.feature:16)
&amp;#27;[0m
</system-out>
  </testcase>
  <testcase classname="It is required to list the users through the rest api" name="Successful case to enroll users" time="0.079">
    <failure message="expected:&lt;200&gt; but was:&lt;403&gt;" type="java.lang.AssertionError">java.lang.AssertionError: expected:&lt;200&gt; but was:&lt;403&gt;
	at org.junit.Assert.fail(Assert.java:89)
	at org.junit.Assert.failNotEquals(Assert.java:835)
	at org.junit.Assert.assertEquals(Assert.java:647)
	at org.junit.Assert.assertEquals(Assert.java:633)
	at stepDefinitions.Steps.the_list_is_presented_successfully(Steps.java:89)
	at ✽.the list is presented successfully(file:///Users/sarabustamante/Downloads/AppGateTest/src/test/resources/feature/list_client.feature:9)
</failure>
    <system-out>
@ListClient @SuccessfulCase
Scenario: Successful case to enroll users   &amp;#27;[90m# src/test/resources/feature/list_client.feature:6&amp;#27;[0m
  &amp;#27;[32mGiven &amp;#27;[0m&amp;#27;[32mthat it is required to enroll users&amp;#27;[0m &amp;#27;[90m# stepDefinitions.Steps.that_it_is_required_to_enroll_users()&amp;#27;[0m
  &amp;#27;[32mWhen &amp;#27;[0m&amp;#27;[32msearching for the list user&amp;#27;[0m          &amp;#27;[90m# stepDefinitions.Steps.searching_for_the_list_user()&amp;#27;[0m
  &amp;#27;[31mThen &amp;#27;[0m&amp;#27;[31mthe list is presented successfully&amp;#27;[0m   &amp;#27;[90m# stepDefinitions.Steps.the_list_is_presented_successfully()&amp;#27;[0m
      &amp;#27;[31mjava.lang.AssertionError: expected:&lt;200&gt; but was:&lt;403&gt;
	at org.junit.Assert.fail(Assert.java:89)
	at org.junit.Assert.failNotEquals(Assert.java:835)
	at org.junit.Assert.assertEquals(Assert.java:647)
	at org.junit.Assert.assertEquals(Assert.java:633)
	at stepDefinitions.Steps.the_list_is_presented_successfully(Steps.java:89)
	at ���.the list is presented successfully(file:///Users/sarabustamante/Downloads/AppGateTest/src/test/resources/feature/list_client.feature:9)
&amp;#27;[0m
</system-out>
  </testcase>
  <testcase classname="A user creation is required through the Api Rest #2" name="Successful case to find unique customer" time="0.076">
    <failure message="expected:&lt;200&gt; but was:&lt;403&gt;" type="java.lang.AssertionError">java.lang.AssertionError: expected:&lt;200&gt; but was:&lt;403&gt;
	at org.junit.Assert.fail(Assert.java:89)
	at org.junit.Assert.failNotEquals(Assert.java:835)
	at org.junit.Assert.assertEquals(Assert.java:647)
	at org.junit.Assert.assertEquals(Assert.java:633)
	at stepDefinitions.Steps.the_user_is_displayed_successfully(Steps.java:110)
	at ✽.the user is displayed successfully(file:///Users/sarabustamante/Downloads/AppGateTest/src/test/resources/feature/unique_client.feature:9)
</failure>
    <system-out>
@UniqueClient @SuccessfulCase
Scenario: Successful case to find unique customer         &amp;#27;[90m# src/test/resources/feature/unique_client.feature:6&amp;#27;[0m
  &amp;#27;[32mGiven &amp;#27;[0m&amp;#27;[32mthat it is required to search for a unique client&amp;#27;[0m &amp;#27;[90m# stepDefinitions.Steps.that_it_is_required_to_search_for_a_unique_client()&amp;#27;[0m
  &amp;#27;[32mWhen &amp;#27;[0m&amp;#27;[32mthe user query is made&amp;#27;[0m                             &amp;#27;[90m# stepDefinitions.Steps.the_user_query_is_made()&amp;#27;[0m
  &amp;#27;[31mThen &amp;#27;[0m&amp;#27;[31mthe user is displayed successfully&amp;#27;[0m                 &amp;#27;[90m# stepDefinitions.Steps.the_user_is_displayed_successfully()&amp;#27;[0m
      &amp;#27;[31mjava.lang.AssertionError: expected:&lt;200&gt; but was:&lt;403&gt;
	at org.junit.Assert.fail(Assert.java:89)
	at org.junit.Assert.failNotEquals(Assert.java:835)
	at org.junit.Assert.assertEquals(Assert.java:647)
	at org.junit.Assert.assertEquals(Assert.java:633)
	at stepDefinitions.Steps.the_user_is_displayed_successfully(Steps.java:110)
	at ���.the user is displayed successfully(file:///Users/sarabustamante/Downloads/AppGateTest/src/test/resources/feature/unique_client.feature:9)
&amp;#27;[0m
</system-out>
  </testcase>
  <testcase classname="A user update is required through Api Rest" name="Successful case to update a user" time="0.057">
    <failure message="expected:&lt;200&gt; but was:&lt;403&gt;" type="java.lang.AssertionError">java.lang.AssertionError: expected:&lt;200&gt; but was:&lt;403&gt;
	at org.junit.Assert.fail(Assert.java:89)
	at org.junit.Assert.failNotEquals(Assert.java:835)
	at org.junit.Assert.assertEquals(Assert.java:647)
	at org.junit.Assert.assertEquals(Assert.java:633)
	at stepDefinitions.Steps.the_successful_update_is_displayed(Steps.java:134)
	at ✽.the successful update is displayed(file:///Users/sarabustamante/Downloads/AppGateTest/src/test/resources/feature/update_client.feature:9)
</failure>
    <system-out>
@UpdateClient @SuccessfulCase
Scenario: Successful case to update a user           &amp;#27;[90m# src/test/resources/feature/update_client.feature:6&amp;#27;[0m
  &amp;#27;[32mGiven &amp;#27;[0m&amp;#27;[32mgiven that it is required to update a client&amp;#27;[0m &amp;#27;[90m# stepDefinitions.Steps.given_that_it_is_required_to_update_a_client()&amp;#27;[0m
  &amp;#27;[32mWhen &amp;#27;[0m&amp;#27;[32mthe name &amp;#27;[0m&amp;#27;[32m&amp;#27;[1mSara&amp;#27;[0m&amp;#27;[32m with &amp;#27;[0m&amp;#27;[32m&amp;#27;[1mautomation&amp;#27;[0m&amp;#27;[32m role is used&amp;#27;[0m    &amp;#27;[90m# stepDefinitions.Steps.the_name_Sara_with_automation_role_is_used(java.lang.String,java.lang.String)&amp;#27;[0m
  &amp;#27;[31mThen &amp;#27;[0m&amp;#27;[31mthe successful update is displayed&amp;#27;[0m            &amp;#27;[90m# stepDefinitions.Steps.the_successful_update_is_displayed()&amp;#27;[0m
      &amp;#27;[31mjava.lang.AssertionError: expected:&lt;200&gt; but was:&lt;403&gt;
	at org.junit.Assert.fail(Assert.java:89)
	at org.junit.Assert.failNotEquals(Assert.java:835)
	at org.junit.Assert.assertEquals(Assert.java:647)
	at org.junit.Assert.assertEquals(Assert.java:633)
	at stepDefinitions.Steps.the_successful_update_is_displayed(Steps.java:134)
	at ���.the successful update is displayed(file:///Users/sarabustamante/Downloads/AppGateTest/src/test/resources/feature/update_client.feature:9)
&amp;#27;[0m
</system-out>
  </testcase>
  <testcase classname="A user update is required through Api Rest" name="Update a non-existent user" time="0.046">
    <failure message="expected:&lt;200&gt; but was:&lt;403&gt;" type="java.lang.AssertionError">java.lang.AssertionError: expected:&lt;200&gt; but was:&lt;403&gt;
	at org.junit.Assert.fail(Assert.java:89)
	at org.junit.Assert.failNotEquals(Assert.java:835)
	at org.junit.Assert.assertEquals(Assert.java:647)
	at org.junit.Assert.assertEquals(Assert.java:633)
	at stepDefinitions.Steps.the_successful_update_is_displayed(Steps.java:134)
	at ✽.the successful update is displayed(file:///Users/sarabustamante/Downloads/AppGateTest/src/test/resources/feature/update_client.feature:16)
</failure>
    <system-out>
@UpdateClient @SuccessfulCase
Scenario: Update a non-existent user                 &amp;#27;[90m# src/test/resources/feature/update_client.feature:12&amp;#27;[0m
  &amp;#27;[32mGiven &amp;#27;[0m&amp;#27;[32mgiven that it is required to update a client&amp;#27;[0m &amp;#27;[90m# stepDefinitions.Steps.given_that_it_is_required_to_update_a_client()&amp;#27;[0m
  &amp;#27;[32mWhen &amp;#27;[0m&amp;#27;[32mthe name &amp;#27;[0m&amp;#27;[32m&amp;#27;[1mSara&amp;#27;[0m&amp;#27;[32m with &amp;#27;[0m&amp;#27;[32m&amp;#27;[1mautomation&amp;#27;[0m&amp;#27;[32m role is sent&amp;#27;[0m    &amp;#27;[90m# stepDefinitions.Steps.se_envien_el_nombre_Sara(java.lang.String,java.lang.String)&amp;#27;[0m
  &amp;#27;[31mThen &amp;#27;[0m&amp;#27;[31mthe successful update is displayed&amp;#27;[0m            &amp;#27;[90m# stepDefinitions.Steps.the_successful_update_is_displayed()&amp;#27;[0m
      &amp;#27;[31mjava.lang.AssertionError: expected:&lt;200&gt; but was:&lt;403&gt;
	at org.junit.Assert.fail(Assert.java:89)
	at org.junit.Assert.failNotEquals(Assert.java:835)
	at org.junit.Assert.assertEquals(Assert.java:647)
	at org.junit.Assert.assertEquals(Assert.java:633)
	at stepDefinitions.Steps.the_successful_update_is_displayed(Steps.java:134)
	at ���.the successful update is displayed(file:///Users/sarabustamante/Downloads/AppGateTest/src/test/resources/feature/update_client.feature:16)
&amp;#27;[0m
</system-out>
  </testcase>
  <testcase classname="(A user update is required through Api Rest)" name="(A user update is required through Api Rest)" time="0.04">
    <failure message="expected:&lt;200&gt; but was:&lt;403&gt;" type="java.lang.AssertionError">java.lang.AssertionError: expected:&lt;200&gt; but was:&lt;403&gt;
	at org.junit.Assert.fail(Assert.java:89)
	at org.junit.Assert.failNotEquals(Assert.java:835)
	at org.junit.Assert.assertEquals(Assert.java:647)
	at org.junit.Assert.assertEquals(Assert.java:633)
	at stepDefinitions.Steps.the_successful_update_is_displayed(Steps.java:134)
	at ✽.the successful update is displayed(file:///Users/sarabustamante/Downloads/AppGateTest/src/test/resources/feature/update_client.feature:23)
</failure>
    <system-out>
@UpdateClient @SuccessfulCase
Scenario:                                            &amp;#27;[90m# src/test/resources/feature/update_client.feature:18&amp;#27;[0m
  &amp;#27;[32mGiven &amp;#27;[0m&amp;#27;[32mgiven that it is required to update a client&amp;#27;[0m &amp;#27;[90m# stepDefinitions.Steps.given_that_it_is_required_to_update_a_client()&amp;#27;[0m
  &amp;#27;[32mWhen &amp;#27;[0m&amp;#27;[32mthe name &amp;#27;[0m&amp;#27;[32m&amp;#27;[1mSara&amp;#27;[0m&amp;#27;[32m with &amp;#27;[0m&amp;#27;[32m&amp;#27;[1mautomation&amp;#27;[0m&amp;#27;[32m role is sent&amp;#27;[0m    &amp;#27;[90m# stepDefinitions.Steps.se_envien_el_nombre_Sara(java.lang.String,java.lang.String)&amp;#27;[0m
  &amp;#27;[31mThen &amp;#27;[0m&amp;#27;[31mthe successful update is displayed&amp;#27;[0m            &amp;#27;[90m# stepDefinitions.Steps.the_successful_update_is_displayed()&amp;#27;[0m
      &amp;#27;[31mjava.lang.AssertionError: expected:&lt;200&gt; but was:&lt;403&gt;
	at org.junit.Assert.fail(Assert.java:89)
	at org.junit.Assert.failNotEquals(Assert.java:835)
	at org.junit.Assert.assertEquals(Assert.java:647)
	at org.junit.Assert.assertEquals(Assert.java:633)
	at stepDefinitions.Steps.the_successful_update_is_displayed(Steps.java:134)
	at ���.the successful update is displayed(file:///Users/sarabustamante/Downloads/AppGateTest/src/test/resources/feature/update_client.feature:23)
&amp;#27;[0m
</system-out>
  </testcase>
</testsuite>